[{"stream_name":"stderr","time":2.857665954,"data":"[NbConvertApp] Converting notebook __notebook__.ipynb to html\n"}
,{"stream_name":"stderr","time":4.340810816,"data":"[NbConvertApp] Support files will be in __results___files/\n"}
,{"stream_name":"stderr","time":4.340862709,"data":"[NbConvertApp] Making directory __results___files\n"}
,{"stream_name":"stderr","time":4.3413424769999995,"data":"[NbConvertApp] Making directory __results___files\n"}
,{"stream_name":"stderr","time":4.341962484,"data":"[NbConvertApp] Making directory __results___files\n"}
,{"stream_name":"stderr","time":4.342640564,"data":"[NbConvertApp] Making directory __results___files\n"}
,{"stream_name":"stderr","time":4.343223715,"data":"[NbConvertApp] Making directory __results___files\n"}
,{"stream_name":"stderr","time":4.343572811,"data":"[NbConvertApp] Making directory __results___files\n"}
,{"stream_name":"stderr","time":4.343865705,"data":"[NbConvertApp] Making directory __results___files\n"}
,{"stream_name":"stderr","time":4.34457002,"data":"[NbConvertApp] Making directory __results___files\n"}
,{"stream_name":"stderr","time":4.345636357,"data":"[NbConvertApp] Making directory __results___files\n"}
,{"stream_name":"stderr","time":4.346187231,"data":"[NbConvertApp] Making directory __results___files\n"}
,{"stream_name":"stderr","time":4.346525722,"data":"[NbConvertApp] Making directory __results___files\n"}
,{"stream_name":"stderr","time":4.34725556,"data":"[NbConvertApp] Making directory __results___files\n"}
,{"stream_name":"stderr","time":4.348017038,"data":"[NbConvertApp] Making directory __results___files\n"}
,{"stream_name":"stderr","time":4.348693524,"data":"[NbConvertApp] Making directory __results___files\n"}
,{"stream_name":"stderr","time":4.3496518,"data":"[NbConvertApp] Making directory __results___files\n"}
,{"stream_name":"stderr","time":4.349889903,"data":"[NbConvertApp] Making directory __results___files\n"}
,{"stream_name":"stderr","time":4.350440144,"data":"[NbConvertApp] Making directory __results___files\n"}
,{"stream_name":"stderr","time":4.350773589,"data":"[NbConvertApp] Making directory __results___files\n"}
,{"stream_name":"stderr","time":4.351387292,"data":"[NbConvertApp] Making directory __results___files\n"}
,{"stream_name":"stderr","time":4.351977191,"data":"[NbConvertApp] Making directory __results___files\n"}
,{"stream_name":"stderr","time":4.352662325,"data":"[NbConvertApp] Making directory __results___files\n"}
,{"stream_name":"stderr","time":4.353001146,"data":"[NbConvertApp] Making directory __results___files\n"}
,{"stream_name":"stderr","time":4.3541724219999995,"data":"[NbConvertApp] Making directory __results___files\n"}
,{"stream_name":"stderr","time":4.354701458,"data":"[NbConvertApp] Making directory __results___files\n"}
,{"stream_name":"stderr","time":4.355227009,"data":"[NbConvertApp] Making directory __results___files\n"}
,{"stream_name":"stderr","time":4.355688405,"data":"[NbConvertApp] Writing 1003053 bytes to __results__.html\n"}
]